app/build/outputs/logs/manifest-merger-debug-report.txt
-- Merging decision tree log ---
manifest
ADDED from src\main\AndroidManifest.xml:2:1-174:12
	package
		ADDED from src\main\AndroidManifest.xml:2:11-39
		INJECTED from src\main\AndroidManifest.xml
		INJECTED from src\main\AndroidManifest.xml
	android:versionName
		INJECTED from src\main\AndroidManifest.xml
		INJECTED from src\main\AndroidManifest.xml
	xmlns:android
		ADDED from src\main\AndroidManifest.xml:3:11-69
	android:versionCode
		INJECTED from src\main\AndroidManifest.xml
		INJECTED from src\main\AndroidManifest.xml
uses-permission#android.permission.BLUETOOTH
ADDED from src\main\AndroidManifest.xml:5:5-67
	android:name
		ADDED from src\main\AndroidManifest.xml:5:22-65
uses-permission#android.permission.BLUETOOTH_ADMIN
ADDED from src\main\AndroidManifest.xml:6:5-73
	android:name
		ADDED from src\main\AndroidManifest.xml:6:22-71
uses-permission#android.permission.DISABLE_KEYGUARD
ADDED from src\main\AndroidManifest.xml:7:5-74
	android:name
		ADDED from src\main\AndroidManifest.xml:7:22-72
uses-permission#android.permission.INTERNET
ADDED from src\main\AndroidManifest.xml:8:5-66
	android:name
		ADDED from src\main\AndroidManifest.xml:8:22-64
uses-permission#android.permission.ACCESS_NETWORK_STATE
ADDED from src\main\AndroidManifest.xml:9:5-78
	android:name
		ADDED from src\main\AndroidManifest.xml:9:22-76
uses-permission#android.permission.READ_EXTERNAL_STORAGE
ADDED from src\main\AndroidManifest.xml:10:5-79
	android:name
		ADDED from src\main\AndroidManifest.xml:10:22-77
uses-permission#android.permission.WRITE_EXTERNAL_STORAGE
ADDED from src\main\AndroidManifest.xml:11:5-80
	android:name
		ADDED from src\main\AndroidManifest.xml:11:22-78
uses-permission#android.permission.MOUNT_UNMOUNT_FILESYSTEMS
ADDED from src\main\AndroidManifest.xml:13:5-83
	android:name
		ADDED from src\main\AndroidManifest.xml:13:22-81
application
ADDED from src\main\AndroidManifest.xml:15:5-172:19
MERGED from [com.android.support:appcompat-v7:23.1.1] AndroidManifest.xml:22:5-20
MERGED from [com.android.support:support-v4:23.1.1] AndroidManifest.xml:22:5-20
MERGED from [com.android.support:support-v4:23.1.1] AndroidManifest.xml:22:5-20
MERGED from [com.android.support:appcompat-v7:23.1.1] AndroidManifest.xml:22:5-20
MERGED from [com.android.support:support-v4:23.1.1] AndroidManifest.xml:22:5-20
MERGED from [com.mikepenz:aboutlibraries:5.3.5] AndroidManifest.xml:11:5-13:19
MERGED from [com.android.support:appcompat-v7:23.1.1] AndroidManifest.xml:22:5-20
MERGED from [com.android.support:support-v4:23.1.1] AndroidManifest.xml:22:5-20
MERGED from [com.android.support:support-v4:23.1.1] AndroidManifest.xml:22:5-20
MERGED from [com.android.support:cardview-v7:23.1.1] AndroidManifest.xml:22:5-20
MERGED from [com.android.support:appcompat-v7:23.1.1] AndroidManifest.xml:22:5-20
MERGED from [com.android.support:support-v4:23.1.1] AndroidManifest.xml:22:5-20
MERGED from [com.android.support:design:23.1.1] AndroidManifest.xml:22:5-20
MERGED from [com.android.support:appcompat-v7:23.1.1] AndroidManifest.xml:22:5-20
MERGED from [com.android.support:support-v4:23.1.1] AndroidManifest.xml:22:5-20
MERGED from [com.android.support:support-v4:23.1.1] AndroidManifest.xml:22:5-20
MERGED from [com.android.support:support-v4:23.1.1] AndroidManifest.xml:22:5-20
MERGED from [com.mikepenz:google-material-typeface:2.2.0.1] AndroidManifest.xml:27:5-20
MERGED from [com.mikepenz:octicons-typeface:3.0.0.1] AndroidManifest.xml:27:5-20
MERGED from [com.android.support:support-v4:23.1.1] AndroidManifest.xml:22:5-20
	android:label
		ADDED from src\main\AndroidManifest.xml:19:9-41
	android:allowBackup
		ADDED from src\main\AndroidManifest.xml:17:9-35
	android:icon
		ADDED from src\main\AndroidManifest.xml:18:9-45
	android:name
		ADDED from src\main\AndroidManifest.xml:16:9-38
activity#com.systekcn.guide.activity.model.DrawerActivity
ADDED from src\main\AndroidManifest.xml:22:9-25:93
	android:label
		ADDED from src\main\AndroidManifest.xml:24:13-45
	android:theme
		ADDED from src\main\AndroidManifest.xml:25:13-91
	android:name
		ADDED from src\main\AndroidManifest.xml:23:13-58
activity#com.systekcn.guide.activity.model.CompactHeaderDrawerActivity
ADDED from src\main\AndroidManifest.xml:26:9-29:49
	android:label
		ADDED from src\main\AndroidManifest.xml:28:13-45
	android:theme
		ADDED from src\main\AndroidManifest.xml:29:13-47
	android:name
		ADDED from src\main\AndroidManifest.xml:27:13-71
activity#com.systekcn.guide.activity.model.PersistentDrawerActivity
ADDED from src\main\AndroidManifest.xml:30:9-33:81
	android:label
		ADDED from src\main\AndroidManifest.xml:32:13-45
	android:theme
		ADDED from src\main\AndroidManifest.xml:33:13-79
	android:name
		ADDED from src\main\AndroidManifest.xml:31:13-68
activity#com.systekcn.guide.activity.model.ActionBarActivity
ADDED from src\main\AndroidManifest.xml:34:9-36:67
	android:theme
		ADDED from src\main\AndroidManifest.xml:36:13-65
	android:name
		ADDED from src\main\AndroidManifest.xml:35:13-61
activity#com.systekcn.guide.activity.model.MenuDrawerActivity
ADDED from src\main\AndroidManifest.xml:37:9-39:93
	android:theme
		ADDED from src\main\AndroidManifest.xml:39:13-91
	android:name
		ADDED from src\main\AndroidManifest.xml:38:13-62
activity#com.systekcn.guide.activity.model.NonTranslucentDrawerActivity
ADDED from src\main\AndroidManifest.xml:40:9-42:57
	android:theme
		ADDED from src\main\AndroidManifest.xml:42:13-55
	android:name
		ADDED from src\main\AndroidManifest.xml:41:13-72
activity#com.systekcn.guide.activity.model.MultiDrawerActivity
ADDED from src\main\AndroidManifest.xml:43:9-45:75
	android:theme
		ADDED from src\main\AndroidManifest.xml:45:13-73
	android:name
		ADDED from src\main\AndroidManifest.xml:44:13-63
activity#com.systekcn.guide.activity.model.AdvancedActivity
ADDED from src\main\AndroidManifest.xml:46:9-48:75
	android:theme
		ADDED from src\main\AndroidManifest.xml:48:13-73
	android:name
		ADDED from src\main\AndroidManifest.xml:47:13-60
activity#com.systekcn.guide.activity.model.KeyboardUtilActivity
ADDED from src\main\AndroidManifest.xml:49:9-52:56
	android:windowSoftInputMode
		ADDED from src\main\AndroidManifest.xml:52:13-54
	android:theme
		ADDED from src\main\AndroidManifest.xml:51:13-91
	android:name
		ADDED from src\main\AndroidManifest.xml:50:13-64
activity#com.systekcn.guide.activity.model.EmbeddedDrawerActivity
ADDED from src\main\AndroidManifest.xml:53:9-55:57
	android:theme
		ADDED from src\main\AndroidManifest.xml:55:13-55
	android:name
		ADDED from src\main\AndroidManifest.xml:54:13-66
activity#com.systekcn.guide.activity.model.MiniDrawerActivity
ADDED from src\main\AndroidManifest.xml:56:9-58:57
	android:theme
		ADDED from src\main\AndroidManifest.xml:58:13-55
	android:name
		ADDED from src\main\AndroidManifest.xml:57:13-62
activity#com.systekcn.guide.activity.model.FullscreenDrawerActivity
ADDED from src\main\AndroidManifest.xml:59:9-61:53
	android:theme
		ADDED from src\main\AndroidManifest.xml:61:13-51
	android:name
		ADDED from src\main\AndroidManifest.xml:60:13-68
activity#com.systekcn.guide.activity.model.CustomContainerActivity
ADDED from src\main\AndroidManifest.xml:62:9-64:75
	android:theme
		ADDED from src\main\AndroidManifest.xml:64:13-73
	android:name
		ADDED from src\main\AndroidManifest.xml:63:13-67
activity#com.systekcn.guide.activity.model.FragmentActivity
ADDED from src\main\AndroidManifest.xml:65:9-67:75
	android:theme
		ADDED from src\main\AndroidManifest.xml:67:13-73
	android:name
		ADDED from src\main\AndroidManifest.xml:66:13-60
activity#com.systekcn.guide.activity.model.CollapsingToolbarActivity
ADDED from src\main\AndroidManifest.xml:68:9-70:93
	android:theme
		ADDED from src\main\AndroidManifest.xml:70:13-91
	android:name
		ADDED from src\main\AndroidManifest.xml:69:13-69
activity#com.systekcn.guide.activity.model.CrossfadeDrawerLayoutActvitiy
ADDED from src\main\AndroidManifest.xml:71:9-73:57
	android:theme
		ADDED from src\main\AndroidManifest.xml:73:13-55
	android:name
		ADDED from src\main\AndroidManifest.xml:72:13-73
activity#com.systekcn.guide.activity.BeginActivity
ADDED from src\main\AndroidManifest.xml:78:9-88:20
	android:screenOrientation
		ADDED from src\main\AndroidManifest.xml:81:13-49
	android:launchMode
		ADDED from src\main\AndroidManifest.xml:80:13-48
	android:theme
		ADDED from src\main\AndroidManifest.xml:82:13-47
	android:name
		ADDED from src\main\AndroidManifest.xml:79:13-51
intent-filter#android.intent.action.MAIN+android.intent.category.LAUNCHER
ADDED from src\main\AndroidManifest.xml:83:13-87:29
action#android.intent.action.MAIN
ADDED from src\main\AndroidManifest.xml:84:17-68
	android:name
		ADDED from src\main\AndroidManifest.xml:84:25-66
category#android.intent.category.LAUNCHER
ADDED from src\main\AndroidManifest.xml:86:17-76
	android:name
		ADDED from src\main\AndroidManifest.xml:86:27-74
activity#com.systekcn.guide.activity.CityChooseActivity
ADDED from src\main\AndroidManifest.xml:89:9-93:49
	android:screenOrientation
		ADDED from src\main\AndroidManifest.xml:92:13-49
	android:launchMode
		ADDED from src\main\AndroidManifest.xml:91:13-43
	android:theme
		ADDED from src\main\AndroidManifest.xml:93:13-47
	android:name
		ADDED from src\main\AndroidManifest.xml:90:13-56
activity#com.systekcn.guide.activity.MuseumListActivity
ADDED from src\main\AndroidManifest.xml:94:9-98:49
	android:screenOrientation
		ADDED from src\main\AndroidManifest.xml:97:13-49
	android:launchMode
		ADDED from src\main\AndroidManifest.xml:96:13-48
	android:theme
		ADDED from src\main\AndroidManifest.xml:98:13-47
	android:name
		ADDED from src\main\AndroidManifest.xml:95:13-56
activity#com.systekcn.guide.activity.MuseumHomeActivity
ADDED from src\main\AndroidManifest.xml:99:9-103:49
	android:screenOrientation
		ADDED from src\main\AndroidManifest.xml:102:13-49
	android:launchMode
		ADDED from src\main\AndroidManifest.xml:101:13-48
	android:theme
		ADDED from src\main\AndroidManifest.xml:103:13-47
	android:name
		ADDED from src\main\AndroidManifest.xml:100:13-56
activity#com.systekcn.guide.activity.ListAndMapActivity
ADDED from src\main\AndroidManifest.xml:104:9-108:49
	android:screenOrientation
		ADDED from src\main\AndroidManifest.xml:107:13-49
	android:launchMode
		ADDED from src\main\AndroidManifest.xml:106:13-43
	android:theme
		ADDED from src\main\AndroidManifest.xml:108:13-47
	android:name
		ADDED from src\main\AndroidManifest.xml:105:13-56
activity#com.systekcn.guide.activity.TopicActivity
ADDED from src\main\AndroidManifest.xml:109:9-113:49
	android:screenOrientation
		ADDED from src\main\AndroidManifest.xml:112:13-49
	android:launchMode
		ADDED from src\main\AndroidManifest.xml:111:13-43
	android:theme
		ADDED from src\main\AndroidManifest.xml:113:13-47
	android:name
		ADDED from src\main\AndroidManifest.xml:110:13-51
activity#com.systekcn.guide.activity.PlayActivity
ADDED from src\main\AndroidManifest.xml:114:9-118:49
	android:screenOrientation
		ADDED from src\main\AndroidManifest.xml:117:13-49
	android:launchMode
		ADDED from src\main\AndroidManifest.xml:116:13-43
	android:theme
		ADDED from src\main\AndroidManifest.xml:118:13-47
	android:name
		ADDED from src\main\AndroidManifest.xml:115:13-50
activity#com.systekcn.guide.activity.LockScreenActivity
ADDED from src\main\AndroidManifest.xml:119:9-123:49
	android:screenOrientation
		ADDED from src\main\AndroidManifest.xml:122:13-49
	android:launchMode
		ADDED from src\main\AndroidManifest.xml:121:13-48
	android:theme
		ADDED from src\main\AndroidManifest.xml:123:13-47
	android:name
		ADDED from src\main\AndroidManifest.xml:120:13-56
activity#com.systekcn.guide.activity.WelcomeActivity
ADDED from src\main\AndroidManifest.xml:124:9-128:49
	android:screenOrientation
		ADDED from src\main\AndroidManifest.xml:127:13-49
	android:launchMode
		ADDED from src\main\AndroidManifest.xml:126:13-48
	android:theme
		ADDED from src\main\AndroidManifest.xml:128:13-47
	android:name
		ADDED from src\main\AndroidManifest.xml:125:13-53
activity#com.systekcn.guide.activity.CollectionActivity
ADDED from src\main\AndroidManifest.xml:129:9-133:49
	android:screenOrientation
		ADDED from src\main\AndroidManifest.xml:132:13-49
	android:launchMode
		ADDED from src\main\AndroidManifest.xml:131:13-43
	android:theme
		ADDED from src\main\AndroidManifest.xml:133:13-47
	android:name
		ADDED from src\main\AndroidManifest.xml:130:13-56
activity#com.systekcn.guide.activity.SearchActivity
ADDED from src\main\AndroidManifest.xml:134:9-138:49
	android:screenOrientation
		ADDED from src\main\AndroidManifest.xml:137:13-49
	android:launchMode
		ADDED from src\main\AndroidManifest.xml:136:13-43
	android:theme
		ADDED from src\main\AndroidManifest.xml:138:13-47
	android:name
		ADDED from src\main\AndroidManifest.xml:135:13-52
activity#com.systekcn.guide.activity.DownloadActivity
ADDED from src\main\AndroidManifest.xml:139:9-143:49
	android:screenOrientation
		ADDED from src\main\AndroidManifest.xml:142:13-49
	android:launchMode
		ADDED from src\main\AndroidManifest.xml:141:13-43
	android:theme
		ADDED from src\main\AndroidManifest.xml:143:13-47
	android:name
		ADDED from src\main\AndroidManifest.xml:140:13-54
activity#com.systekcn.guide.activity.SettingActivity
ADDED from src\main\AndroidManifest.xml:144:9-148:49
	android:screenOrientation
		ADDED from src\main\AndroidManifest.xml:147:13-49
	android:launchMode
		ADDED from src\main\AndroidManifest.xml:146:13-43
	android:theme
		ADDED from src\main\AndroidManifest.xml:148:13-47
	android:name
		ADDED from src\main\AndroidManifest.xml:145:13-53
service#com.systekcn.guide.service.MediaPlayService
ADDED from src\main\AndroidManifest.xml:150:9-154:46
	android:enabled
		ADDED from src\main\AndroidManifest.xml:152:13-35
	android:exported
		ADDED from src\main\AndroidManifest.xml:153:13-37
	android:isolatedProcess
		ADDED from src\main\AndroidManifest.xml:154:13-44
	android:name
		ADDED from src\main\AndroidManifest.xml:151:13-53
service#org.altbeacon.beacon.service.BeaconService
ADDED from src\main\AndroidManifest.xml:155:9-160:37
	android:enabled
		ADDED from src\main\AndroidManifest.xml:157:13-35
	android:label
		ADDED from src\main\AndroidManifest.xml:160:13-35
	android:exported
		ADDED from src\main\AndroidManifest.xml:158:13-37
	android:isolatedProcess
		ADDED from src\main\AndroidManifest.xml:159:13-44
	android:name
		ADDED from src\main\AndroidManifest.xml:156:13-70
service#org.altbeacon.beacon.BeaconIntentProcessor
ADDED from src\main\AndroidManifest.xml:161:9-164:39
	android:enabled
		ADDED from src\main\AndroidManifest.xml:163:13-35
	android:exported
		ADDED from src\main\AndroidManifest.xml:164:13-37
	android:name
		ADDED from src\main\AndroidManifest.xml:162:13-70
service#com.baidu.location.f
ADDED from src\main\AndroidManifest.xml:165:9-169:40
	android:enabled
		ADDED from src\main\AndroidManifest.xml:167:13-35
	android:process
		ADDED from src\main\AndroidManifest.xml:169:13-38
	android:permission
		ADDED from src\main\AndroidManifest.xml:168:13-75
	android:name
		ADDED from src\main\AndroidManifest.xml:166:13-48
service#com.systekcn.guide.service.MuseumDownloadService
ADDED from src\main\AndroidManifest.xml:170:9-65
	android:name
		ADDED from src\main\AndroidManifest.xml:170:18-63
uses-sdk
INJECTED from src\main\AndroidManifest.xml reason: use-sdk injection requested
MERGED from [MyOwnGuide:library:unspecified] AndroidManifest.xml:8:5-10:41
MERGED from [com.android.support:appcompat-v7:23.1.1] AndroidManifest.xml:20:5-43
MERGED from [com.android.support:support-v4:23.1.1] AndroidManifest.xml:20:5-43
MERGED from [com.android.support:recyclerview-v7:23.1.1] AndroidManifest.xml:20:5-43
MERGED from [com.android.support:support-v4:23.1.1] AndroidManifest.xml:20:5-43
MERGED from [com.mikepenz:materialize:0.5.1] AndroidManifest.xml:8:5-10:41
MERGED from [com.mikepenz:iconics-core:2.5.2] AndroidManifest.xml:8:5-10:41
MERGED from [com.android.support:appcompat-v7:23.1.1] AndroidManifest.xml:20:5-43
MERGED from [com.android.support:support-v4:23.1.1] AndroidManifest.xml:20:5-43
MERGED from [com.mikepenz:aboutlibraries:5.3.5] AndroidManifest.xml:7:5-9:41
MERGED from [com.android.support:appcompat-v7:23.1.1] AndroidManifest.xml:20:5-43
MERGED from [com.android.support:support-v4:23.1.1] AndroidManifest.xml:20:5-43
MERGED from [com.android.support:recyclerview-v7:23.1.1] AndroidManifest.xml:20:5-43
MERGED from [com.android.support:support-v4:23.1.1] AndroidManifest.xml:20:5-43
MERGED from [com.android.support:cardview-v7:23.1.1] AndroidManifest.xml:20:5-43
MERGED from [com.mikepenz:iconics-core:2.5.2] AndroidManifest.xml:8:5-10:41
MERGED from [com.android.support:appcompat-v7:23.1.1] AndroidManifest.xml:20:5-43
MERGED from [com.android.support:support-v4:23.1.1] AndroidManifest.xml:20:5-43
MERGED from [com.android.support:design:23.1.1] AndroidManifest.xml:20:5-43
MERGED from [com.android.support:appcompat-v7:23.1.1] AndroidManifest.xml:20:5-43
MERGED from [com.android.support:support-v4:23.1.1] AndroidManifest.xml:20:5-43
MERGED from [com.android.support:recyclerview-v7:23.1.1] AndroidManifest.xml:20:5-43
MERGED from [com.android.support:support-v4:23.1.1] AndroidManifest.xml:20:5-43
MERGED from [com.android.support:support-v4:23.1.1] AndroidManifest.xml:20:5-43
MERGED from [com.mikepenz:crossfader:1.3.2] AndroidManifest.xml:8:5-10:41
MERGED from [com.mikepenz:crossfadedrawerlayout:0.0.2] AndroidManifest.xml:8:5-10:41
MERGED from [com.mikepenz:google-material-typeface:2.2.0.1] AndroidManifest.xml:23:5-25:41
MERGED from [com.mikepenz:fontawesome-typeface:4.4.0.1] AndroidManifest.xml:8:5-10:41
MERGED from [com.mikepenz:octicons-typeface:3.0.0.1] AndroidManifest.xml:23:5-25:41
MERGED from [com.android.support:support-v4:23.1.1] AndroidManifest.xml:20:5-43
	android:targetSdkVersion
		INJECTED from src\main\AndroidManifest.xml
		INJECTED from src\main\AndroidManifest.xml
	android:minSdkVersion
		INJECTED from src\main\AndroidManifest.xml
		INJECTED from src\main\AndroidManifest.xml
activity#com.mikepenz.aboutlibraries.ui.LibsActivity
ADDED from [com.mikepenz:aboutlibraries:5.3.5] AndroidManifest.xml:12:9-80
	android:name
		ADDED from [com.mikepenz:aboutlibraries:5.3.5] AndroidManifest.xml:12:19-77